<?xml version="1.0" encoding="UTF-8"?>
<!-- Generated by org.testng.reporters.JUnitReportReporter -->
<testsuite skipped="0" hostname="DESKTOP-B51MS8E" name="testCases.LoginPageTest" tests="1" failures="0" timestamp="2021-06-30T19:32:27 CDT" time="4.777" errors="0">
  <testcase name="loginTest" time="4.777" classname="testCases.LoginPageTest"/>
  <system-out/>
</testsuite> <!-- testCases.LoginPageTest -->
